2024-09-07 19:54:15.196 [info] Added views:workbench.panel.markers.view in workbench.panel.markers
2024-09-07 19:54:15.196 [info] Added views:workbench.panel.output in workbench.panel.output
2024-09-07 19:54:15.196 [info] Added views:terminal in terminal
2024-09-07 19:54:15.196 [info] Added views:outline in workbench.view.explorer
2024-09-07 19:54:15.196 [info] Added views:workbench.scm in workbench.view.scm
2024-09-07 19:54:15.196 [info] Added views:workbench.view.search in workbench.view.search
2024-09-07 19:54:15.196 [info] Added views:timeline in workbench.view.explorer
2024-09-07 19:54:15.196 [info] Added views:workbench.explorer.emptyView in workbench.view.explorer
2024-09-07 19:54:15.614 [info] Added views:workbench.debug.variablesView,workbench.debug.watchExpressionsView,workbench.debug.callStackView,workbench.debug.breakPointsView in workbench.view.debug
2024-09-07 19:54:15.917 [info] Added views:workbench.panel.repl.view in workbench.panel.repl
2024-09-07 19:54:15.918 [info] Removed views:workbench.debug.breakPointsView,workbench.debug.callStackView,workbench.debug.watchExpressionsView,workbench.debug.variablesView from workbench.view.debug
2024-09-07 19:54:15.918 [info] Added views:workbench.debug.welcome in workbench.view.debug
2024-09-07 19:54:16.019 [info] Added views:~remote.forwardedPorts in ~remote.forwardedPortsContainer
2024-09-07 19:54:25.231 [info] Added views:workbench.panel.markers.view in workbench.panel.markers
2024-09-07 19:54:25.232 [info] Added views:workbench.panel.output in workbench.panel.output
2024-09-07 19:54:25.232 [info] Added views:terminal in terminal
2024-09-07 19:54:25.232 [info] Added views:outline in workbench.view.explorer
2024-09-07 19:54:25.232 [info] Added views:workbench.scm in workbench.view.scm
2024-09-07 19:54:25.232 [info] Added views:workbench.view.search in workbench.view.search
2024-09-07 19:54:25.232 [info] Added views:timeline in workbench.view.explorer
2024-09-07 19:54:25.232 [info] Added views:workbench.explorer.fileView in workbench.view.explorer
2024-09-07 19:54:25.731 [info] Added views:workbench.debug.variablesView,workbench.debug.watchExpressionsView,workbench.debug.callStackView,workbench.debug.breakPointsView in workbench.view.debug
2024-09-07 19:54:25.790 [info] Added views:workbench.panel.repl.view in workbench.panel.repl
2024-09-07 19:54:25.791 [info] Removed views:workbench.debug.breakPointsView,workbench.debug.callStackView,workbench.debug.watchExpressionsView,workbench.debug.variablesView from workbench.view.debug
2024-09-07 19:54:25.791 [info] Added views:workbench.debug.welcome in workbench.view.debug
2024-09-07 19:54:26.050 [info] Added views:~remote.forwardedPorts in ~remote.forwardedPortsContainer
2024-09-07 19:54:27.650 [info] Added views:workbench.scm.history in workbench.view.scm
2024-09-07 20:04:49.899 [info] Removed views:workbench.scm.history from workbench.view.scm
